<?xml version="1.0" encoding="UTF-8"?>
<testng-results ignored="0" total="3" passed="3" failed="0" skipped="0">
  <reporter-output>
  </reporter-output>
  <suite started-at="2024-01-27T11:41:11 CST" name="Default suite" finished-at="2024-01-27T11:41:49 CST" duration-ms="38475">
    <groups>
    </groups>
    <test started-at="2024-01-27T11:41:11 CST" name="Default test" finished-at="2024-01-27T11:41:49 CST" duration-ms="38475">
      <class name="variousConcepts.CrmTest">
        <test-method is-config="true" signature="init()[pri:0, instance:variousConcepts.CrmTest@50a638b5]" started-at="2024-01-27T11:41:11 CST" name="init" finished-at="2024-01-27T11:41:17 CST" duration-ms="6451" status="PASS">
          <reporter-output>
          </reporter-output>
        </test-method> <!-- init -->
        <test-method signature="testAddCustomer()[pri:0, instance:variousConcepts.CrmTest@50a638b5]" started-at="2024-01-27T11:41:17 CST" name="testAddCustomer" finished-at="2024-01-27T11:41:30 CST" duration-ms="13152" status="PASS">
          <reporter-output>
          </reporter-output>
        </test-method> <!-- testAddCustomer -->
        <test-method is-config="true" signature="tearDown()[pri:0, instance:variousConcepts.CrmTest@50a638b5]" started-at="2024-01-27T11:41:31 CST" name="tearDown" finished-at="2024-01-27T11:41:31 CST" duration-ms="316" status="PASS">
          <reporter-output>
          </reporter-output>
        </test-method> <!-- tearDown -->
        <test-method is-config="true" signature="init()[pri:0, instance:variousConcepts.CrmTest@50a638b5]" started-at="2024-01-27T11:41:31 CST" name="init" finished-at="2024-01-27T11:41:35 CST" duration-ms="4100" status="PASS">
          <reporter-output>
          </reporter-output>
        </test-method> <!-- init -->
        <test-method signature="testAlert()[pri:0, instance:variousConcepts.CrmTest@50a638b5]" started-at="2024-01-27T11:41:35 CST" name="testAlert" finished-at="2024-01-27T11:41:36 CST" duration-ms="822" status="PASS">
          <reporter-output>
          </reporter-output>
        </test-method> <!-- testAlert -->
        <test-method is-config="true" signature="tearDown()[pri:0, instance:variousConcepts.CrmTest@50a638b5]" started-at="2024-01-27T11:41:36 CST" name="tearDown" finished-at="2024-01-27T11:41:36 CST" duration-ms="345" status="PASS">
          <reporter-output>
          </reporter-output>
        </test-method> <!-- tearDown -->
        <test-method is-config="true" signature="init()[pri:0, instance:variousConcepts.CrmTest@50a638b5]" started-at="2024-01-27T11:41:36 CST" name="init" finished-at="2024-01-27T11:41:40 CST" duration-ms="4208" status="PASS">
          <reporter-output>
          </reporter-output>
        </test-method> <!-- init -->
        <test-method signature="testLogin()[pri:0, instance:variousConcepts.CrmTest@50a638b5]" started-at="2024-01-27T11:41:40 CST" name="testLogin" finished-at="2024-01-27T11:41:49 CST" duration-ms="8796" status="PASS">
          <reporter-output>
          </reporter-output>
        </test-method> <!-- testLogin -->
        <test-method is-config="true" signature="tearDown()[pri:0, instance:variousConcepts.CrmTest@50a638b5]" started-at="2024-01-27T11:41:49 CST" name="tearDown" finished-at="2024-01-27T11:41:49 CST" duration-ms="151" status="PASS">
          <reporter-output>
          </reporter-output>
        </test-method> <!-- tearDown -->
      </class> <!-- variousConcepts.CrmTest -->
    </test> <!-- Default test -->
  </suite> <!-- Default suite -->
</testng-results>
