<?xml version="1.0" encoding="UTF-8"?>
<!-- Generated by org.testng.reporters.JUnitXMLReporter -->
<testsuite ignored="0" hostname="Manojs-MBP.attlocal.net" failures="0" tests="3" name="Default test" time="38.475" errors="0" timestamp="2024-01-27T11:41:49 CST">
  <testcase classname="variousConcepts.CrmTest" name="testAddCustomer" time="13.152"/>
  <testcase classname="variousConcepts.CrmTest" name="testAlert" time="0.822"/>
  <testcase classname="variousConcepts.CrmTest" name="testLogin" time="8.796"/>
</testsuite> <!-- Default test -->
